2025-09-04 11:43:37,794 - INFO - Validating textbook generation setup...
2025-09-04 11:43:37,795 - INFO - Textbook directory: course_discussions/textbook
2025-09-04 11:43:39,048 - INFO - cursor-agent version: 2025.09.03-e077a54
2025-09-04 11:43:39,049 - INFO - Textbook generation setup validation completed successfully
2025-09-04 11:43:42,408 - INFO - Validating textbook generation setup...
2025-09-04 11:43:42,408 - INFO - Textbook directory: course_discussions/textbook
2025-09-04 11:43:43,220 - INFO - cursor-agent version: 2025.09.03-e077a54
2025-09-04 11:43:43,221 - INFO - Textbook generation setup validation completed successfully
2025-09-04 11:43:43,221 - INFO - Scanning for topic discussion files...
2025-09-04 11:43:43,224 - INFO - Found 20 topic discussion files
2025-09-04 11:43:43,225 - INFO - Scanning for topic discussion files...
2025-09-04 11:43:43,226 - INFO - Found 20 topic discussion files
2025-09-04 11:49:45,930 - INFO - Validating textbook generation setup...
2025-09-04 11:49:45,931 - INFO - Textbook directory: course_discussions/textbook
2025-09-04 11:49:47,401 - INFO - cursor-agent version: 2025.09.03-e077a54
2025-09-04 11:49:47,402 - INFO - Textbook generation setup validation completed successfully
2025-09-04 11:49:47,402 - INFO - Starting generation of all remaining chapters...
2025-09-04 11:49:47,402 - INFO - Scanning for topic discussion files...
2025-09-04 11:49:47,403 - INFO - Found 20 topic discussion files
2025-09-04 11:49:47,403 - INFO - Scanning for topic discussion files...
2025-09-04 11:49:47,403 - INFO - Found 20 topic discussion files
2025-09-04 11:49:47,405 - INFO - Processing Topic 4: Cryptocurrency and Digital Assets
2025-09-04 11:49:47,405 - INFO - Generating chapter for Topic 4: Cryptocurrency and Digital Assets
2025-09-04 11:49:47,405 - INFO - Running cursor-agent for chapter generation...
2025-09-04 11:51:13,953 - INFO - Chapter generation completed successfully for Topic 4
2025-09-04 11:51:13,953 - INFO - Successfully generated chapter for Topic 4
2025-09-04 11:51:13,953 - INFO - Chapter 1 completed successfully
2025-09-04 11:51:15,954 - INFO - Scanning for topic discussion files...
2025-09-04 11:51:15,955 - INFO - Found 20 topic discussion files
2025-09-04 11:51:15,956 - INFO - Scanning for topic discussion files...
2025-09-04 11:51:15,956 - INFO - Found 20 topic discussion files
2025-09-04 11:51:15,957 - INFO - Processing Topic 4: Cryptocurrency and Digital Assets
2025-09-04 11:51:15,957 - INFO - Generating chapter for Topic 4: Cryptocurrency and Digital Assets
2025-09-04 11:51:15,957 - INFO - Running cursor-agent for chapter generation...
2025-09-04 11:52:29,433 - INFO - Chapter generation completed successfully for Topic 4
2025-09-04 11:52:29,433 - INFO - Successfully generated chapter for Topic 4
2025-09-04 11:52:29,434 - INFO - Chapter 2 completed successfully
2025-09-04 11:52:31,434 - INFO - Scanning for topic discussion files...
2025-09-04 11:52:31,435 - INFO - Found 20 topic discussion files
2025-09-04 11:52:31,436 - INFO - Scanning for topic discussion files...
2025-09-04 11:52:31,437 - INFO - Found 20 topic discussion files
2025-09-04 11:52:31,438 - INFO - Processing Topic 4: Cryptocurrency and Digital Assets
2025-09-04 11:52:31,439 - INFO - Generating chapter for Topic 4: Cryptocurrency and Digital Assets
2025-09-04 11:52:31,439 - INFO - Running cursor-agent for chapter generation...
2025-09-04 11:55:42,705 - INFO - Validating textbook generation setup...
2025-09-04 11:55:42,705 - INFO - Textbook directory: course_discussions/textbook
2025-09-04 11:55:43,187 - INFO - cursor-agent version: 2025.09.03-e077a54
2025-09-04 11:55:43,187 - INFO - Textbook generation setup validation completed successfully
2025-09-04 11:55:43,187 - INFO - Starting generation of all remaining chapters...
2025-09-04 11:55:43,187 - INFO - Scanning for topic discussion files...
2025-09-04 11:55:43,188 - INFO - Found 20 topic discussion files
2025-09-04 11:55:43,189 - INFO - Scanning for topic discussion files...
2025-09-04 11:55:43,189 - INFO - Found 20 topic discussion files
2025-09-04 11:55:43,190 - INFO - Processing Topic 4: Cryptocurrency and Digital Assets
2025-09-04 11:55:43,190 - INFO - Generating chapter for Topic 4: Cryptocurrency and Digital Assets
2025-09-04 11:55:43,190 - ERROR - Error: unsupported operand type(s) for +: 'PosixPath' and 'str'
2025-09-04 11:55:59,048 - INFO - Validating textbook generation setup...
2025-09-04 11:55:59,049 - INFO - Textbook directory: course_discussions/textbook
2025-09-04 11:55:59,520 - INFO - cursor-agent version: 2025.09.03-e077a54
2025-09-04 11:55:59,520 - INFO - Textbook generation setup validation completed successfully
2025-09-04 11:55:59,520 - INFO - Starting generation of all remaining chapters...
2025-09-04 11:55:59,520 - INFO - Scanning for topic discussion files...
2025-09-04 11:55:59,521 - INFO - Found 20 topic discussion files
2025-09-04 11:55:59,522 - INFO - Scanning for topic discussion files...
2025-09-04 11:55:59,522 - INFO - Found 20 topic discussion files
2025-09-04 11:55:59,523 - INFO - Processing Topic 4: Cryptocurrency and Digital Assets
2025-09-04 11:55:59,523 - INFO - Generating chapter for Topic 4: Cryptocurrency and Digital Assets
2025-09-04 11:55:59,523 - ERROR - Error: unsupported operand type(s) for +: 'PosixPath' and 'str'
2025-09-04 11:56:43,281 - INFO - Validating textbook generation setup...
2025-09-04 11:56:43,282 - INFO - Textbook directory: course_discussions/textbook
2025-09-04 11:56:43,756 - INFO - cursor-agent version: 2025.09.03-e077a54
2025-09-04 11:56:43,757 - INFO - Textbook generation setup validation completed successfully
2025-09-04 11:56:43,757 - INFO - Starting generation of all remaining chapters...
2025-09-04 11:56:43,757 - INFO - Scanning for topic discussion files...
2025-09-04 11:56:43,758 - INFO - Found 20 topic discussion files
2025-09-04 11:56:43,758 - INFO - Scanning for topic discussion files...
2025-09-04 11:56:43,759 - INFO - Found 20 topic discussion files
2025-09-04 11:56:43,759 - INFO - Processing Topic 4: Cryptocurrency and Digital Assets
2025-09-04 11:56:43,760 - INFO - Generating chapter for Topic 4: Cryptocurrency and Digital Assets
2025-09-04 11:56:43,760 - INFO - Running cursor-agent for chapter generation...
2025-09-04 11:58:15,778 - INFO - Chapter generation completed successfully for Topic 4
2025-09-04 11:58:15,778 - INFO - Successfully generated chapter for Topic 4
2025-09-04 11:58:15,779 - INFO - Chapter 1 completed successfully
2025-09-04 11:58:17,782 - INFO - Scanning for topic discussion files...
2025-09-04 11:58:17,783 - INFO - Found 20 topic discussion files
2025-09-04 11:58:17,784 - INFO - Scanning for topic discussion files...
2025-09-04 11:58:17,784 - INFO - Found 20 topic discussion files
2025-09-04 11:58:17,785 - INFO - Processing Topic 5: ESG Investing and Sustainable Finance
2025-09-04 11:58:17,785 - INFO - Generating chapter for Topic 5: ESG Investing and Sustainable Finance
2025-09-04 11:58:17,785 - INFO - Running cursor-agent for chapter generation...
2025-09-04 11:59:38,822 - INFO - Chapter generation completed successfully for Topic 5
2025-09-04 11:59:38,823 - INFO - Successfully generated chapter for Topic 5
2025-09-04 11:59:38,823 - INFO - Chapter 2 completed successfully
2025-09-04 11:59:40,825 - INFO - Scanning for topic discussion files...
2025-09-04 11:59:40,826 - INFO - Found 20 topic discussion files
2025-09-04 11:59:40,826 - INFO - Scanning for topic discussion files...
2025-09-04 11:59:40,827 - INFO - Found 20 topic discussion files
2025-09-04 11:59:40,827 - INFO - Processing Topic 6: Peer-to-Peer (P2P) Lending and Crowdfunding
2025-09-04 11:59:40,827 - INFO - Generating chapter for Topic 6: Peer-to-Peer (P2P) Lending and Crowdfunding
2025-09-04 11:59:40,828 - INFO - Running cursor-agent for chapter generation...
2025-09-04 12:02:09,168 - INFO - Chapter generation completed successfully for Topic 6
2025-09-04 12:02:09,168 - INFO - Successfully generated chapter for Topic 6
2025-09-04 12:02:09,169 - INFO - Chapter 3 completed successfully
2025-09-04 12:02:11,173 - INFO - Scanning for topic discussion files...
2025-09-04 12:02:11,173 - INFO - Found 20 topic discussion files
2025-09-04 12:02:11,174 - INFO - Scanning for topic discussion files...
2025-09-04 12:02:11,174 - INFO - Found 20 topic discussion files
2025-09-04 12:02:11,175 - INFO - Processing Topic 7: Robo-Advisors and Algorithmic Trading
2025-09-04 12:02:11,175 - INFO - Generating chapter for Topic 7: Robo-Advisors and Algorithmic Trading
2025-09-04 12:02:11,175 - INFO - Running cursor-agent for chapter generation...
2025-09-04 12:03:29,776 - INFO - Chapter generation completed successfully for Topic 7
2025-09-04 12:03:29,776 - INFO - Successfully generated chapter for Topic 7
2025-09-04 12:03:29,777 - INFO - Chapter 4 completed successfully
2025-09-04 12:03:31,779 - INFO - Scanning for topic discussion files...
2025-09-04 12:03:31,781 - INFO - Found 20 topic discussion files
2025-09-04 12:03:31,783 - INFO - Scanning for topic discussion files...
2025-09-04 12:03:31,783 - INFO - Found 20 topic discussion files
2025-09-04 12:03:31,785 - INFO - Processing Topic 8: InsurTech and Digital Insurance
2025-09-04 12:03:31,786 - INFO - Generating chapter for Topic 8: InsurTech and Digital Insurance
2025-09-04 12:03:31,787 - INFO - Running cursor-agent for chapter generation...
2025-09-04 12:05:26,294 - INFO - Chapter generation completed successfully for Topic 8
2025-09-04 12:05:26,295 - INFO - Successfully generated chapter for Topic 8
2025-09-04 12:05:26,295 - INFO - Chapter 5 completed successfully
2025-09-04 12:05:28,298 - INFO - Scanning for topic discussion files...
2025-09-04 12:05:28,299 - INFO - Found 20 topic discussion files
2025-09-04 12:05:28,300 - INFO - Scanning for topic discussion files...
2025-09-04 12:05:28,300 - INFO - Found 20 topic discussion files
2025-09-04 12:05:28,301 - INFO - Processing Topic 9: Climate Risk and Green Finance
2025-09-04 12:05:28,301 - INFO - Generating chapter for Topic 9: Climate Risk and Green Finance
2025-09-04 12:05:28,301 - INFO - Running cursor-agent for chapter generation...
2025-09-04 12:06:31,340 - INFO - Chapter generation completed successfully for Topic 9
2025-09-04 12:06:31,340 - INFO - Successfully generated chapter for Topic 9
2025-09-04 12:06:31,340 - INFO - Chapter 6 completed successfully
2025-09-04 12:06:33,341 - INFO - Scanning for topic discussion files...
2025-09-04 12:06:33,343 - INFO - Found 20 topic discussion files
2025-09-04 12:06:33,344 - INFO - Scanning for topic discussion files...
2025-09-04 12:06:33,344 - INFO - Found 20 topic discussion files
2025-09-04 12:06:33,346 - INFO - Processing Topic 10: RegTech and Compliance Technology
2025-09-04 12:06:33,346 - INFO - Generating chapter for Topic 10: RegTech and Compliance Technology
2025-09-04 12:06:33,346 - INFO - Running cursor-agent for chapter generation...
2025-09-04 12:08:15,119 - INFO - Chapter generation completed successfully for Topic 10
2025-09-04 12:08:15,120 - INFO - Successfully generated chapter for Topic 10
2025-09-04 12:08:15,120 - INFO - Chapter 7 completed successfully
2025-09-04 12:08:17,122 - INFO - Scanning for topic discussion files...
2025-09-04 12:08:17,123 - INFO - Found 20 topic discussion files
2025-09-04 12:08:17,124 - INFO - Scanning for topic discussion files...
2025-09-04 12:08:17,124 - INFO - Found 20 topic discussion files
2025-09-04 12:08:17,127 - INFO - Processing Topic 11: Open Banking and API Economy
2025-09-04 12:08:17,127 - INFO - Generating chapter for Topic 11: Open Banking and API Economy
2025-09-04 12:08:17,127 - INFO - Running cursor-agent for chapter generation...
2025-09-04 12:09:46,346 - INFO - Chapter generation completed successfully for Topic 11
2025-09-04 12:09:46,346 - INFO - Successfully generated chapter for Topic 11
2025-09-04 12:09:46,346 - INFO - Chapter 8 completed successfully
2025-09-04 12:09:48,351 - INFO - Scanning for topic discussion files...
2025-09-04 12:09:48,351 - INFO - Found 20 topic discussion files
2025-09-04 12:09:48,351 - INFO - Scanning for topic discussion files...
2025-09-04 12:09:48,352 - INFO - Found 20 topic discussion files
2025-09-04 12:09:48,352 - INFO - Processing Topic 12: Financial Inclusion and Emerging Markets
2025-09-04 12:09:48,352 - INFO - Generating chapter for Topic 12: Financial Inclusion and Emerging Markets
2025-09-04 12:09:48,353 - INFO - Running cursor-agent for chapter generation...
2025-09-04 12:12:00,951 - INFO - Chapter generation completed successfully for Topic 12
2025-09-04 12:12:00,951 - INFO - Successfully generated chapter for Topic 12
2025-09-04 12:12:00,952 - INFO - Chapter 9 completed successfully
2025-09-04 12:12:02,962 - INFO - Scanning for topic discussion files...
2025-09-04 12:12:02,963 - INFO - Found 20 topic discussion files
2025-09-04 12:12:02,964 - INFO - Scanning for topic discussion files...
2025-09-04 12:12:02,964 - INFO - Found 20 topic discussion files
2025-09-04 12:12:02,965 - INFO - Processing Topic 13: Social Impact Investing and Microfinance
2025-09-04 12:12:02,965 - INFO - Generating chapter for Topic 13: Social Impact Investing and Microfinance
2025-09-04 12:12:02,967 - INFO - Running cursor-agent for chapter generation...
2025-09-04 12:13:42,799 - INFO - Chapter generation completed successfully for Topic 13
2025-09-04 12:13:42,799 - INFO - Successfully generated chapter for Topic 13
2025-09-04 12:13:42,799 - INFO - Chapter 10 completed successfully
2025-09-04 12:13:44,807 - INFO - Scanning for topic discussion files...
2025-09-04 12:13:44,809 - INFO - Found 20 topic discussion files
2025-09-04 12:13:44,809 - INFO - Scanning for topic discussion files...
2025-09-04 12:13:44,810 - INFO - Found 20 topic discussion files
2025-09-04 12:13:44,811 - INFO - Processing Topic 14: Cybersecurity in Financial Services
2025-09-04 12:13:44,811 - INFO - Generating chapter for Topic 14: Cybersecurity in Financial Services
2025-09-04 12:13:44,811 - INFO - Running cursor-agent for chapter generation...
2025-09-04 12:14:50,875 - INFO - Chapter generation completed successfully for Topic 14
2025-09-04 12:14:50,875 - INFO - Successfully generated chapter for Topic 14
2025-09-04 12:14:50,875 - INFO - Chapter 11 completed successfully
2025-09-04 12:14:52,883 - INFO - Scanning for topic discussion files...
2025-09-04 12:14:52,885 - INFO - Found 20 topic discussion files
2025-09-04 12:14:52,885 - INFO - Scanning for topic discussion files...
2025-09-04 12:14:52,886 - INFO - Found 20 topic discussion files
2025-09-04 12:14:52,887 - INFO - Processing Topic 15: Artificial Intelligence and Machine Learning in Finance
2025-09-04 12:14:52,887 - INFO - Generating chapter for Topic 15: Artificial Intelligence and Machine Learning in Finance
2025-09-04 12:14:52,887 - INFO - Running cursor-agent for chapter generation...
2025-09-04 12:16:05,118 - INFO - Chapter generation completed successfully for Topic 15
2025-09-04 12:16:05,118 - INFO - Successfully generated chapter for Topic 15
2025-09-04 12:16:05,118 - INFO - Chapter 12 completed successfully
2025-09-04 12:16:07,126 - INFO - Scanning for topic discussion files...
2025-09-04 12:16:07,127 - INFO - Found 20 topic discussion files
2025-09-04 12:16:07,127 - INFO - Scanning for topic discussion files...
2025-09-04 12:16:07,127 - INFO - Found 20 topic discussion files
2025-09-04 12:16:07,129 - INFO - Processing Topic 16: Blockchain and Distributed Ledger Technology
2025-09-04 12:16:07,129 - INFO - Generating chapter for Topic 16: Blockchain and Distributed Ledger Technology
2025-09-04 12:16:07,129 - INFO - Running cursor-agent for chapter generation...
2025-09-04 12:17:21,870 - INFO - Chapter generation completed successfully for Topic 16
2025-09-04 12:17:21,870 - INFO - Successfully generated chapter for Topic 16
2025-09-04 12:17:21,870 - INFO - Chapter 13 completed successfully
2025-09-04 12:17:23,873 - INFO - Scanning for topic discussion files...
2025-09-04 12:17:23,875 - INFO - Found 20 topic discussion files
2025-09-04 12:17:23,875 - INFO - Scanning for topic discussion files...
2025-09-04 12:17:23,876 - INFO - Found 20 topic discussion files
2025-09-04 12:17:23,878 - INFO - Processing Topic 17: ESG Data and Analytics
2025-09-04 12:17:23,878 - INFO - Generating chapter for Topic 17: ESG Data and Analytics
2025-09-04 12:17:23,878 - INFO - Running cursor-agent for chapter generation...
2025-09-04 12:19:23,989 - INFO - Chapter generation completed successfully for Topic 17
2025-09-04 12:19:23,990 - INFO - Successfully generated chapter for Topic 17
2025-09-04 12:19:23,990 - INFO - Chapter 14 completed successfully
2025-09-04 12:19:25,995 - INFO - Scanning for topic discussion files...
2025-09-04 12:19:25,996 - INFO - Found 20 topic discussion files
2025-09-04 12:19:25,996 - INFO - Scanning for topic discussion files...
2025-09-04 12:19:25,996 - INFO - Found 20 topic discussion files
2025-09-04 12:19:25,998 - INFO - Processing Topic 18: FinTech Regulation and Policy
2025-09-04 12:19:25,998 - INFO - Generating chapter for Topic 18: FinTech Regulation and Policy
2025-09-04 12:19:25,998 - INFO - Running cursor-agent for chapter generation...
2025-09-04 12:20:30,338 - INFO - Chapter generation completed successfully for Topic 18
2025-09-04 12:20:30,338 - INFO - Successfully generated chapter for Topic 18
2025-09-04 12:20:30,338 - INFO - Chapter 15 completed successfully
2025-09-04 12:20:32,344 - INFO - Scanning for topic discussion files...
2025-09-04 12:20:32,345 - INFO - Found 20 topic discussion files
2025-09-04 12:20:32,346 - INFO - Scanning for topic discussion files...
2025-09-04 12:20:32,346 - INFO - Found 20 topic discussion files
2025-09-04 12:20:32,347 - INFO - Processing Topic 19: Corporate Governance and Ethical AI
2025-09-04 12:20:32,347 - INFO - Generating chapter for Topic 19: Corporate Governance and Ethical AI
2025-09-04 12:20:32,347 - INFO - Running cursor-agent for chapter generation...
2025-09-04 12:21:25,914 - INFO - Chapter generation completed successfully for Topic 19
2025-09-04 12:21:25,914 - INFO - Successfully generated chapter for Topic 19
2025-09-04 12:21:25,914 - INFO - Chapter 16 completed successfully
2025-09-04 12:21:27,915 - INFO - Scanning for topic discussion files...
2025-09-04 12:21:27,917 - INFO - Found 20 topic discussion files
2025-09-04 12:21:27,918 - INFO - Scanning for topic discussion files...
2025-09-04 12:21:27,918 - INFO - Found 20 topic discussion files
2025-09-04 12:21:27,919 - INFO - Processing Topic 20: The Future of FinTech and Emerging Trends
2025-09-04 12:21:27,919 - INFO - Generating chapter for Topic 20: The Future of FinTech and Emerging Trends
2025-09-04 12:21:27,919 - INFO - Running cursor-agent for chapter generation...
2025-09-04 12:23:07,710 - INFO - Chapter generation completed successfully for Topic 20
2025-09-04 12:23:07,711 - INFO - Successfully generated chapter for Topic 20
2025-09-04 12:23:07,711 - INFO - Chapter 17 completed successfully
2025-09-04 12:23:09,715 - INFO - Scanning for topic discussion files...
2025-09-04 12:23:09,717 - INFO - Found 20 topic discussion files
2025-09-04 12:23:09,718 - INFO - Chapter generation completed. Processed: 17, Failed: 0
